# JRE version: Java(TM) SE Runtime Environment (8.0_281-b09) (build 1.8.0_281-b09)
# Java VM: Java HotSpot(TM) 64-Bit Server VM (25.281-b09 mixed mode windows-amd64 compressed oops)
Heap:
 PSYoungGen      total 140800K, used 44989K [0x00000000f5580000, 0x00000000ffc80000, 0x0000000100000000)
  eden space 114688K, 30% used [0x00000000f5580000,0x00000000f777a148,0x00000000fc580000)
  from space 26112K, 39% used [0x00000000fe300000,0x00000000fecf53f0,0x00000000ffc80000)
  to   space 28160K, 0% used [0x00000000fc580000,0x00000000fc580000,0x00000000fe100000)
 ParOldGen       total 175104K, used 157198K [0x00000000e0000000, 0x00000000eab00000, 0x00000000f5580000)
  object space 175104K, 89% used [0x00000000e0000000,0x00000000e9983898,0x00000000eab00000)
 Metaspace       used 96405K, capacity 103582K, committed 103896K, reserved 1138688K
  class space    used 13385K, capacity 14997K, committed 15064K, reserved 1048576K
GC Heap History (10 events):
Event: 65.602 GC heap before
{Heap before GC invocations=26 (full 3):
 PSYoungGen      total 142336K, used 124272K [0x00000000f5580000, 0x00000000ffe00000, 0x0000000100000000)
  eden space 114176K, 100% used [0x00000000f5580000,0x00000000fc500000,0x00000000fc500000)
  from space 28160K, 35% used [0x00000000fe280000,0x00000000fec5c368,0x00000000ffe00000)
  to   space 29184K, 0% used [0x00000000fc500000,0x00000000fc500000,0x00000000fe180000)
 ParOldGen       total 175104K, used 133884K [0x00000000e0000000, 0x00000000eab00000, 0x00000000f5580000)
  object space 175104K, 76% used [0x00000000e0000000,0x00000000e82bf1d8,0x00000000eab00000)
 Metaspace       used 87700K, capacity 93914K, committed 94040K, reserved 1130496K
  class space    used 12001K, capacity 13335K, committed 13400K, reserved 1048576K
Event: 65.648 GC heap after
Heap after GC invocations=26 (full 3):
 PSYoungGen      total 143360K, used 6389K [0x00000000f5580000, 0x0000000100000000, 0x0000000100000000)
  eden space 114176K, 0% used [0x00000000f5580000,0x00000000f5580000,0x00000000fc500000)
  from space 29184K, 21% used [0x00000000fc500000,0x00000000fcb3d540,0x00000000fe180000)
  to   space 28672K, 0% used [0x00000000fe400000,0x00000000fe400000,0x0000000100000000)
 ParOldGen       total 175104K, used 138780K [0x00000000e0000000, 0x00000000eab00000, 0x00000000f5580000)
  object space 175104K, 79% used [0x00000000e0000000,0x00000000e8787280,0x00000000eab00000)
 Metaspace       used 87700K, capacity 93914K, committed 94040K, reserved 1130496K
  class space    used 12001K, capacity 13335K, committed 13400K, reserved 1048576K
}
Event: 66.199 GC heap before
{Heap before GC invocations=27 (full 3):
 PSYoungGen      total 143360K, used 120565K [0x00000000f5580000, 0x0000000100000000, 0x0000000100000000)
  eden space 114176K, 100% used [0x00000000f5580000,0x00000000fc500000,0x00000000fc500000)
  from space 29184K, 21% used [0x00000000fc500000,0x00000000fcb3d540,0x00000000fe180000)
  to   space 28672K, 0% used [0x00000000fe400000,0x00000000fe400000,0x0000000100000000)
 ParOldGen       total 175104K, used 138780K [0x00000000e0000000, 0x00000000eab00000, 0x00000000f5580000)
  object space 175104K, 79% used [0x00000000e0000000,0x00000000e8787280,0x00000000eab00000)
 Metaspace       used 91045K, capacity 98002K, committed 98264K, reserved 1134592K
  class space    used 12529K, capacity 13979K, committed 14040K, reserved 1048576K
Event: 66.222 GC heap after
Heap after GC invocations=27 (full 3):
 PSYoungGen      total 142848K, used 21041K [0x00000000f5580000, 0x0000000100000000, 0x0000000100000000)
  eden space 114176K, 0% used [0x00000000f5580000,0x00000000f5580000,0x00000000fc500000)
  from space 28672K, 73% used [0x00000000fe400000,0x00000000ff88c538,0x0000000100000000)
  to   space 30208K, 0% used [0x00000000fc500000,0x00000000fc500000,0x00000000fe280000)
 ParOldGen       total 175104K, used 144746K [0x00000000e0000000, 0x00000000eab00000, 0x00000000f5580000)
  object space 175104K, 82% used [0x00000000e0000000,0x00000000e8d5abb0,0x00000000eab00000)
 Metaspace       used 91045K, capacity 98002K, committed 98264K, reserved 1134592K
  class space    used 12529K, capacity 13979K, committed 14040K, reserved 1048576K
}
Event: 66.393 GC heap before
{Heap before GC invocations=28 (full 3):
 PSYoungGen      total 142848K, used 45786K [0x00000000f5580000, 0x0000000100000000, 0x0000000100000000)
  eden space 114176K, 21% used [0x00000000f5580000,0x00000000f6daa648,0x00000000fc500000)
  from space 28672K, 73% used [0x00000000fe400000,0x00000000ff88c538,0x0000000100000000)
  to   space 30208K, 0% used [0x00000000fc500000,0x00000000fc500000,0x00000000fe280000)
 ParOldGen       total 175104K, used 144746K [0x00000000e0000000, 0x00000000eab00000, 0x00000000f5580000)
  object space 175104K, 82% used [0x00000000e0000000,0x00000000e8d5abb0,0x00000000eab00000)
 Metaspace       used 91345K, capacity 98226K, committed 98264K, reserved 1134592K
  class space    used 12566K, capacity 14011K, committed 14040K, reserved 1048576K
Event: 66.472 GC heap after
Heap after GC invocations=28 (full 3):
 PSYoungGen      total 144384K, used 8937K [0x00000000f5580000, 0x0000000100000000, 0x0000000100000000)
  eden space 114176K, 0% used [0x00000000f5580000,0x00000000f5580000,0x00000000fc500000)
  from space 30208K, 29% used [0x00000000fc500000,0x00000000fcdba750,0x00000000fe280000)
  to   space 29696K, 0% used [0x00000000fe300000,0x00000000fe300000,0x0000000100000000)
 ParOldGen       total 175104K, used 162507K [0x00000000e0000000, 0x00000000eab00000, 0x00000000f5580000)
  object space 175104K, 92% used [0x00000000e0000000,0x00000000e9eb2c90,0x00000000eab00000)
 Metaspace       used 91345K, capacity 98226K, committed 98264K, reserved 1134592K
  class space    used 12566K, capacity 14011K, committed 14040K, reserved 1048576K
}
Event: 66.472 GC heap before
{Heap before GC invocations=29 (full 4):
 PSYoungGen      total 144384K, used 8937K [0x00000000f5580000, 0x0000000100000000, 0x0000000100000000)
  eden space 114176K, 0% used [0x00000000f5580000,0x00000000f5580000,0x00000000fc500000)
  from space 30208K, 29% used [0x00000000fc500000,0x00000000fcdba750,0x00000000fe280000)
  to   space 29696K, 0% used [0x00000000fe300000,0x00000000fe300000,0x0000000100000000)
 ParOldGen       total 175104K, used 162507K [0x00000000e0000000, 0x00000000eab00000, 0x00000000f5580000)
  object space 175104K, 92% used [0x00000000e0000000,0x00000000e9eb2c90,0x00000000eab00000)
 Metaspace       used 91345K, capacity 98226K, committed 98264K, reserved 1134592K
  class space    used 12566K, capacity 14011K, committed 14040K, reserved 1048576K
Event: 67.511 GC heap after
Heap after GC invocations=29 (full 4):
 PSYoungGen      total 144384K, used 0K [0x00000000f5580000, 0x0000000100000000, 0x0000000100000000)
  eden space 114176K, 0% used [0x00000000f5580000,0x00000000f5580000,0x00000000fc500000)
  from space 30208K, 0% used [0x00000000fc500000,0x00000000fc500000,0x00000000fe280000)
  to   space 29696K, 0% used [0x00000000fe300000,0x00000000fe300000,0x0000000100000000)
 ParOldGen       total 175104K, used 157190K [0x00000000e0000000, 0x00000000eab00000, 0x00000000f5580000)
  object space 175104K, 89% used [0x00000000e0000000,0x00000000e9981898,0x00000000eab00000)
 Metaspace       used 90981K, capacity 97210K, committed 98264K, reserved 1134592K
  class space    used 12440K, capacity 13793K, committed 14040K, reserved 1048576K
}
Event: 68.475 GC heap before
{Heap before GC invocations=30 (full 4):
 PSYoungGen      total 144384K, used 114176K [0x00000000f5580000, 0x0000000100000000, 0x0000000100000000)
  eden space 114176K, 100% used [0x00000000f5580000,0x00000000fc500000,0x00000000fc500000)
  from space 30208K, 0% used [0x00000000fc500000,0x00000000fc500000,0x00000000fe280000)
  to   space 29696K, 0% used [0x00000000fe300000,0x00000000fe300000,0x0000000100000000)
 ParOldGen       total 175104K, used 157190K [0x00000000e0000000, 0x00000000eab00000, 0x00000000f5580000)
  object space 175104K, 89% used [0x00000000e0000000,0x00000000e9981898,0x00000000eab00000)
 Metaspace       used 96199K, capacity 103338K, committed 103640K, reserved 1138688K
  class space    used 13366K, capacity 14959K, committed 15064K, reserved 1048576K
Event: 68.522 GC heap after
Heap after GC invocations=30 (full 4):
 PSYoungGen      total 140800K, used 10196K [0x00000000f5580000, 0x00000000ffc80000, 0x0000000100000000)
  eden space 114688K, 0% used [0x00000000f5580000,0x00000000f5580000,0x00000000fc580000)
  from space 26112K, 39% used [0x00000000fe300000,0x00000000fecf53f0,0x00000000ffc80000)
  to   space 28160K, 0% used [0x00000000fc580000,0x00000000fc580000,0x00000000fe100000)
 ParOldGen       total 175104K, used 157198K [0x00000000e0000000, 0x00000000eab00000, 0x00000000f5580000)
  object space 175104K, 89% used [0x00000000e0000000,0x00000000e9983898,0x00000000eab00000)
 Metaspace       used 96199K, capacity 103338K, committed 103640K, reserved 1138688K
  class space    used 13366K, capacity 14959K, committed 15064K, reserved 1048576K
}

